Usage: ./main -G <path to gtfs> -Q <query file>
Start reading files in data/fern
Stops: 1528
Routes: 111
Trips: 3578
Stop times: 38821
Connections: 35243
Removed connections with no travel time: 0
Distinct routes: 1462
Non-empty trips: 3578
Redundant trips: 1353
Remaining trips: 2225
Remaining connections: 22841
Query 1: (2, 50220)
Query 2: (3, 56400)
Query 3: (2, 64560)
Query 4: (1, 55260) (2, 51780)
Query 5: (2, 62280)
Query 6: (1, 58500) (2, 55020)
Query 7: (1, 40140)
Query 8: (1, 52020)
Query 9: (2, 51780)
Query 10: (1, 49140) (2, 47700)
Query 11: (1, 53040) (2, 52560)
Query 12: (2, 57180)
Query 13: (2, 64560)
Query 14: (2, 41940)
Query 15: (2, 50460)
Query 16: (1, 41580)
Query 17: (0, 36000)
Query 18: (1, 114840) (2, 58920)
Query 19: (2, 62640)
Query 20: (1, 49320) (2, 45720)
Query 21: (2, 52200)
Query 22: (2, 56400)
Query 23: (1, 38760)
Query 24: (1, 53400)
Query 25: (1, 46080) (2, 43920)
Query 26: (1, 57420)
Query 27: (2, 65640)
Query 28: (2, 70140)
Query 29: (3, 57900)
Query 30: (1, 44280)
Query 31: (2, 57300)
Query 32: (2, 50460)
Query 33: (2, 44760)
Query 34: (2, 47460)
Query 35: (2, 69060)
Query 36: (2, 54600)
Query 37: (3, 56280)
Query 38: (1, 48420)
Query 39: (1, 81060) (2, 55680)
Query 40: (1, 40440)
Query 41: (1, 102300)
Query 42: (2, 70740) (3, 58800)
Query 43: (2, 69960) (3, 62760)
Query 44: (3, 53640)
Query 45: (1, 64860) (2, 61260) (3, 57660)
Query 46: (1, 83580) (2, 48660)
Query 47: (2, 61860) (3, 58380)
Query 48: (1, 90000) (2, 49980)
Query 49: (1, 52560)
Query 50: (2, 58140) (3, 56700)
Query 51: (2, 47700)
Query 52: (1, 46620)
Query 53: (2, 50340)
Query 54: (1, 49680) (2, 46080)
Query 55: (1, 48480)
Query 56: (2, 69000) (3, 67380)
Query 57: (1, 87900) (2, 44400)
Query 58: (2, 46980)
Query 59: (1, 57000) (2, 51600)
Query 60: (2, 63180)
Query 61: (2, 71940)
Query 62: (2, 54060)
Query 63: (1, 40380)
Query 64: (3, 58260)
Query 65: (3, 77880)
Query 66: (1, 90600) (2, 55020)
Query 67: (3, 83940)
Query 68: (1, 39720) (2, 39480)
Query 69: (2, 44880)
Query 70: (2, 74940)
Query 71: (1, 51780)
Query 72: (2, 52560)
Query 73: (2, 60240)
Query 74: (1, 62220) (2, 58200)
Query 75: (1, 69420) (2, 54600)
Query 76: (2, 54000)
Query 77: (1, 45360)
Query 78: (1, 46200) (2, 45180)
Query 79: (2, 51240)
Query 80: (3, 49980)
Query 81: (2, 60180)
Query 82: (1, 62220) (2, 54600)
Query 83: (1, 38880)
Query 84: (3, 59220)
Query 85: (1, 54000) (2, 51660)
Query 86: (1, 48900) (2, 45360)
Query 87: (1, 49680)
Query 88: (2, 44040)
Query 89: (3, 58680)
Query 90: (1, 73740) (2, 53700)
Query 91: (1, 46620)
Query 92: (2, 54600)
Query 93: (2, 54240)
Query 94: (2, 55620)
Query 95: (2, 43920)
Query 96: (2, 67620) (3, 64080)
Query 97: (1, 91320) (2, 49800)
Query 98: (1, 46800) (2, 43920)
Query 99: (2, 55560)
Query 100: (3, 78540)
Queries took 0.000622116 seconds on average
Counter no journeys: 0
Checksum: 7493216